2018-11-11 19:59:27,550  INFO root:15 = Vector initialization was successful
2018-11-11 19:59:27,580  INFO root:20 = Max value was found and printed successful
2018-11-11 19:59:27,580  INFO root:24 = Reverse vector was found and printed successful
2018-11-11 20:11:42,765  INFO root:46 = geometric average mean for positive numbers only. Result of GeometricAverage is -1
2018-11-14 08:29:25,854  INFO root:42 = Vector initialization was successful
2018-11-14 08:29:25,854  INFO root:55 = Min value was found and printed successful
2018-11-14 08:29:25,854  INFO root:59 = ArithmeticAverage value was found and printed successful
2018-11-14 08:29:25,854  INFO root:63 = GeometricAverage value was found and printed successful
2018-11-14 08:29:25,854  INFO root:70 = GeometricAverage value was found and printed successful
2018-11-14 08:29:25,854  INFO root:74 = LocalMin value was found and printed successful
2018-11-14 08:29:25,854  INFO root:78 = LocalMax value was found and printed successful
2018-11-14 08:29:25,870  INFO root:82 = Reverse vector was found and printed successful
2018-11-14 08:29:25,870  INFO root:86 = BinarySearch value was performed and result printed successful
2018-11-14 08:29:25,870  INFO root:90 = Sort check was performed and result printed successful
2018-11-14 08:29:25,870  INFO root:94 = SelectionSort was performed and result printed successful
2018-11-18 16:45:02,843  INFO root:49 = Vector initialization was successful
2018-11-18 16:45:02,859  INFO root:58 = Min value was found and printed successful
2018-11-18 16:45:02,859  INFO root:62 = ArithmeticAverage value was found and printed successful
2018-11-18 16:45:02,859  INFO root:67 = GeometricAverage value was found and printed successful
2018-11-18 16:45:02,859  INFO root:76 = LocalMin value was found and printed successful
2018-11-18 16:45:02,859  INFO root:80 = LocalMax value was found and printed successful
2018-11-18 16:45:02,859  INFO root:84 = Reverse vector was found and printed successful
2018-11-18 16:45:02,859  INFO root:88 = BinarySearch value was performed and result printed successful
2018-11-18 16:45:02,859  INFO root:92 = Sort check was performed and result printed successful
2018-11-18 16:45:02,859  INFO root:96 = SelectionSort was performed and result printed successful
2018-11-19 03:50:35,227  INFO root:49 = Vector initialization was successful
2018-11-19 03:50:35,247  INFO root:58 = Min value was found and printed successful
2018-11-19 03:50:35,247  INFO root:62 = ArithmeticAverage value was found and printed successful
2018-11-19 03:50:35,247  INFO root:67 = GeometricAverage value was found and printed successful
2018-11-19 03:50:35,247  INFO root:76 = LocalMin value was found and printed successful
2018-11-19 03:50:35,247  INFO root:80 = LocalMax value was found and printed successful
2018-11-19 03:50:35,247  INFO root:84 = Reverse vector was found and printed successful
2018-11-19 03:50:35,257  INFO root:25 = for doBinarySearch vector was sorted by doQuickSort
2018-11-19 03:50:35,257  INFO root:88 = BinarySearch value was performed and result printed successful
2018-11-19 03:50:35,257  INFO root:92 = Sort check was performed and result printed successful
2018-11-19 03:50:35,257  INFO root:96 = SelectionSort was performed and result printed successful
2018-11-19 18:09:29,360  INFO root:48 = Vector initialization was successful
2018-11-19 18:09:29,376  INFO root:57 = Min value was found and printed successful
2018-11-19 18:09:29,376  INFO root:61 = ArithmeticAverage value was found and printed successful
2018-11-19 18:09:29,376  INFO root:66 = GeometricAverage value was found and printed successful
2018-11-19 18:09:29,376  INFO root:75 = LocalMin value was found and printed successful
2018-11-19 18:09:29,376  INFO root:79 = LocalMax value was found and printed successful
2018-11-19 18:09:29,376  INFO root:83 = Reverse vector was found and printed successful
2018-11-19 18:09:29,376  INFO root:25 = for doBinarySearch vector was sorted by doQuickSort
2018-11-19 18:09:29,392  INFO root:87 = BinarySearch value was performed and result printed successful
2018-11-19 18:09:29,392  INFO root:91 = Sort check was performed and result printed successful
2018-11-19 18:09:29,392  INFO root:95 = SelectionSort was performed and result printed successful
2018-11-19 18:17:54,773  INFO root:51 = Vector initialization was successful
2018-11-19 18:17:54,773  INFO root:60 = Min value was found and printed successful
2018-11-19 18:17:54,773  INFO root:68 = ArithmeticAverage value was found and printed successful
2018-11-19 18:17:54,773  INFO root:76 = GeometricAverage value was found and printed successful
2018-11-19 18:17:54,788  INFO root:86 = LocalMin value was found and printed successful
2018-11-19 18:17:54,788  INFO root:93 = LocalMax value was found and printed successful
2018-11-19 18:17:54,788  INFO root:100 = Reverse vector was found and printed successful
2018-11-19 18:17:54,788  INFO root:25 = for doBinarySearch vector was sorted by doQuickSort
2018-11-19 18:17:54,788  INFO root:108 = BinarySearch value was performed and result printed successful
2018-11-19 18:17:54,788  INFO root:116 = Sort check was performed and result printed successful
2018-11-19 18:17:54,788  INFO root:123 = SelectionSort was performed and result printed successful
2018-11-19 18:18:57,922  INFO root:51 = Vector initialization was successful
2018-11-19 18:18:57,934  INFO root:60 = Min value was found and printed successful
2018-11-19 18:18:57,934  INFO root:68 = ArithmeticAverage value was found and printed successful
2018-11-19 18:18:57,934  INFO root:76 = GeometricAverage value was found and printed successful
2018-11-19 18:18:57,934  INFO root:86 = LocalMin value was found and printed successful
2018-11-19 18:18:57,934  INFO root:93 = LocalMax value was found and printed successful
2018-11-19 18:18:57,934  INFO root:100 = Reverse vector was found and printed successful
2018-11-19 18:18:57,937  INFO root:25 = for doBinarySearch vector was sorted by doQuickSort
2018-11-19 18:18:57,939  INFO root:108 = BinarySearch value was performed and result printed successful
2018-11-19 18:18:57,939  INFO root:116 = Sort check was performed and result printed successful
2018-11-19 18:18:57,940  INFO root:123 = SelectionSort was performed and result printed successful
2018-11-19 18:22:32,531  INFO root:52 = Vector initialization was successful
2018-11-19 18:22:32,547  INFO root:61 = Min value was found and printed successful
2018-11-19 18:22:32,547  INFO root:69 = ArithmeticAverage value was found and printed successful
2018-11-19 18:22:32,547  INFO root:81 = GeometricAverage value was found and printed successful
2018-11-19 18:22:32,547  INFO root:93 = LocalMin value was found and printed successful
2018-11-19 18:22:32,547  INFO root:100 = LocalMax value was found and printed successful
2018-11-19 18:22:32,547  INFO root:107 = Reverse vector was found and printed successful
2018-11-19 18:22:32,562  INFO root:25 = for doBinarySearch vector was sorted by doQuickSort
2018-11-19 18:22:32,562  INFO root:115 = BinarySearch value was performed and result printed successful
2018-11-19 18:22:32,562  INFO root:123 = Sort check was performed and result printed successful
2018-11-19 18:22:32,562  INFO root:130 = SelectionSort was performed and result printed successful
2018-11-19 18:23:22,528  INFO root:52 = Vector initialization was successful
2018-11-19 18:23:22,528  INFO root:61 = Min value was found and printed successful
2018-11-19 18:23:22,528  INFO root:69 = ArithmeticAverage value was found and printed successful
2018-11-19 18:23:22,528  INFO root:81 = GeometricAverage value was found and printed successful
2018-11-19 18:23:22,528  INFO root:93 = LocalMin value was found and printed successful
2018-11-19 18:23:22,528  INFO root:100 = LocalMax value was found and printed successful
2018-11-19 18:23:22,528  INFO root:107 = Reverse vector was found and printed successful
2018-11-19 18:23:22,543  INFO root:25 = for doBinarySearch vector was sorted by doQuickSort
2018-11-19 18:23:22,543  INFO root:115 = BinarySearch value was performed and result printed successful
2018-11-19 18:23:22,543  INFO root:123 = Sort check was performed and result printed successful
2018-11-19 18:23:22,543  INFO root:130 = SelectionSort was performed and result printed successful
